<?xml version="1.0" encoding="UTF-8"?>
<testsuite xmlns:xsi="http://www.w3.org/2001/XMLSchema-instance" xsi:noNamespaceSchemaLocation="https://maven.apache.org/surefire/maven-surefire-plugin/xsd/surefire-test-report-3.0.xsd" version="3.0" name="com.elevator.ElevatorSystemTest" time="17.022" tests="4" errors="0" skipped="0" failures="0">
  <properties>
[...]
</properties>
  <testcase name="testMultipleRequests" classname="com.elevator.ElevatorSystemTest" time="10.004"/>
  <testcase name="testShutdown" classname="com.elevator.ElevatorSystemTest" time="3.004"/>
  <testcase name="testSystemInitialization" classname="com.elevator.ElevatorSystemTest" time="2.004"/>
  <testcase name="testRequestSubmission" classname="com.elevator.ElevatorSystemTest" time="2.004"/>
</testsuite>